<?xml version="1.0" encoding="UTF-8"?>
<!-- Generated by org.testng.reporters.JUnitXMLReporter -->
<testsuite hostname="DESKTOP-6R4TCBS" ignored="0" name="NavbarTest" tests="10" failures="0" timestamp="29 May 2019 03:40:22 GMT" time="12.267" errors="0">
  <testcase name="basePageNavigation" time="0.321" classname="Academy.validateNavbar"/>
  <testcase name="basePageNavigation" time="0.351" classname="Academy.validateNavbar"/>
  <testcase name="basePageNavigation" time="0.388" classname="Academy.validateNavbar"/>
  <testcase name="basePageNavigation" time="0.41" classname="Academy.validateNavbar"/>
  <testcase name="basePageNavigation" time="0.436" classname="Academy.validateNavbar"/>
  <testcase name="basePageNavigation" time="0.344" classname="Academy.validateNavbar"/>
  <testcase name="basePageNavigation" time="0.333" classname="Academy.validateNavbar"/>
  <testcase name="basePageNavigation" time="0.31" classname="Academy.validateNavbar"/>
  <testcase name="basePageNavigation" time="0.304" classname="Academy.validateNavbar"/>
  <testcase name="basePageNavigation" time="0.295" classname="Academy.validateNavbar"/>
</testsuite> <!-- NavbarTest -->
