<?xml version="1.0" encoding="UTF-8"?>
<!-- Generated by org.testng.reporters.JUnitXMLReporter -->
<testsuite hostname="DESKTOP-6R4TCBS" ignored="0" name="Test" tests="4" failures="0" timestamp="18 Mar 2018 13:56:09 GMT" time="54.766" errors="0">
  <testcase name="basePageNavigation" time="19.088" classname="Academy.Homepage"/>
  <testcase name="basePageNavigation" time="8.823" classname="Academy.Homepage"/>
  <testcase name="basePageNavigation" time="0.172" classname="Academy.validateTitle"/>
  <testcase name="basePageNavigation" time="0.219" classname="Academy.validateNavbar"/>
</testsuite> <!-- Test -->
