<?xml version="1.0" encoding="UTF-8"?>
<!-- Generated by org.testng.reporters.JUnitXMLReporter -->
<testsuite hostname="DESKTOP-6R4TCBS" ignored="1" name="Default test" tests="6" failures="0" timestamp="27 Jun 2019 19:25:09 GMT" time="9.412" errors="0">
  <testcase name="test" time="0.025" classname="Academy.Homepage"/>
  <testcase name="test" time="0.003" classname="Academy.Homepage"/>
  <testcase name="test" time="0.003" classname="Academy.Homepage"/>
  <testcase name="test" time="0.003" classname="Academy.Homepage"/>
  <testcase name="test" time="0.002" classname="Academy.Homepage"/>
  <testcase name="test" time="0.004" classname="Academy.Homepage"/>
  <testcase name="basePageNavigation" time="0.0" classname="Academy.Homepage">
    <ignored/>
  </testcase> <!-- basePageNavigation -->
</testsuite> <!-- Default test -->
