<?xml version="1.0" encoding="UTF-8"?>
<testng-results skipped="0" failed="0" ignored="1" total="7" passed="6">
  <reporter-output>
  </reporter-output>
  <suite name="Default suite" duration-ms="9412" started-at="2019-06-27T19:25:00Z" finished-at="2019-06-27T19:25:09Z">
    <groups>
    </groups>
    <test name="Default test" duration-ms="9412" started-at="2019-06-27T19:25:00Z" finished-at="2019-06-27T19:25:09Z">
      <class name="Academy.Homepage">
        <test-method status="PASS" signature="initializeTest()[pri:0, instance:Academy.Homepage@42d80b78]" name="initializeTest" is-config="true" duration-ms="8563" started-at="2019-06-27T19:25:00Z" finished-at="2019-06-27T19:25:09Z">
          <reporter-output>
          </reporter-output>
        </test-method> <!-- initializeTest -->
        <test-method status="PASS" signature="test(java.lang.String)[pri:0, instance:Academy.Homepage@42d80b78]" name="test" duration-ms="25" started-at="2019-06-27T19:25:09Z" data-provider="getFucker" finished-at="2019-06-27T19:25:09Z">
          <params>
            <param index="0">
              <value>
                <![CDATA[A]]>
              </value>
            </param>
          </params>
          <reporter-output>
          </reporter-output>
        </test-method> <!-- test -->
        <test-method status="PASS" signature="test(java.lang.String)[pri:0, instance:Academy.Homepage@42d80b78]" name="test" duration-ms="3" started-at="2019-06-27T19:25:09Z" data-provider="getFucker" finished-at="2019-06-27T19:25:09Z">
          <params>
            <param index="0">
              <value>
                <![CDATA[B]]>
              </value>
            </param>
          </params>
          <reporter-output>
          </reporter-output>
        </test-method> <!-- test -->
        <test-method status="PASS" signature="test(java.lang.String)[pri:0, instance:Academy.Homepage@42d80b78]" name="test" duration-ms="3" started-at="2019-06-27T19:25:09Z" data-provider="getFucker" finished-at="2019-06-27T19:25:09Z">
          <params>
            <param index="0">
              <value>
                <![CDATA[C]]>
              </value>
            </param>
          </params>
          <reporter-output>
          </reporter-output>
        </test-method> <!-- test -->
        <test-method status="PASS" signature="test(java.lang.String)[pri:0, instance:Academy.Homepage@42d80b78]" name="test" duration-ms="3" started-at="2019-06-27T19:25:09Z" data-provider="getFucker" finished-at="2019-06-27T19:25:09Z">
          <params>
            <param index="0">
              <value>
                <![CDATA[D]]>
              </value>
            </param>
          </params>
          <reporter-output>
          </reporter-output>
        </test-method> <!-- test -->
        <test-method status="PASS" signature="test(java.lang.String)[pri:0, instance:Academy.Homepage@42d80b78]" name="test" duration-ms="2" started-at="2019-06-27T19:25:09Z" data-provider="getFucker" finished-at="2019-06-27T19:25:09Z">
          <params>
            <param index="0">
              <value>
                <![CDATA[E]]>
              </value>
            </param>
          </params>
          <reporter-output>
          </reporter-output>
        </test-method> <!-- test -->
        <test-method status="PASS" signature="test(java.lang.String)[pri:0, instance:Academy.Homepage@42d80b78]" name="test" duration-ms="4" started-at="2019-06-27T19:25:09Z" data-provider="getFucker" finished-at="2019-06-27T19:25:09Z">
          <params>
            <param index="0">
              <value>
                <![CDATA[F]]>
              </value>
            </param>
          </params>
          <reporter-output>
          </reporter-output>
        </test-method> <!-- test -->
        <test-method status="PASS" signature="tearDownTest()[pri:0, instance:Academy.Homepage@42d80b78]" name="tearDownTest" is-config="true" duration-ms="712" started-at="2019-06-27T19:25:09Z" finished-at="2019-06-27T19:25:09Z">
          <reporter-output>
          </reporter-output>
        </test-method> <!-- tearDownTest -->
      </class> <!-- Academy.Homepage -->
    </test> <!-- Default test -->
  </suite> <!-- Default suite -->
</testng-results>
